<?xml version="1.0" encoding="UTF-8" ?>
<testsuite tests="5" failures="0" name="com.project.playlist.TestPlaylist" time="0.075" errors="0" skipped="0">
  <properties>
    <property name="idea.version" value="2017.2.2"/>
    <property name="java.runtime.name" value="Java(TM) SE Runtime Environment"/>
    <property name="sun.boot.library.path" value="C:\Program Files\Java\jdk1.8.0_101\jre\bin"/>
    <property name="java.vm.version" value="25.101-b13"/>
    <property name="java.vm.vendor" value="Oracle Corporation"/>
    <property name="maven.multiModuleProjectDirectory" value="C:\musicplayer"/>
    <property name="java.vendor.url" value="http://java.oracle.com/"/>
    <property name="path.separator" value=";"/>
    <property name="guice.disable.misplaced.annotation.check" value="true"/>
    <property name="java.vm.name" value="Java HotSpot(TM) 64-Bit Server VM"/>
    <property name="file.encoding.pkg" value="sun.io"/>
    <property name="user.script" value=""/>
    <property name="user.country" value="US"/>
    <property name="sun.java.launcher" value="SUN_STANDARD"/>
    <property name="sun.os.patch.level" value="Service Pack 1"/>
    <property name="java.vm.specification.name" value="Java Virtual Machine Specification"/>
    <property name="user.dir" value="C:\musicplayer"/>
    <property name="java.runtime.version" value="1.8.0_101-b13"/>
    <property name="java.awt.graphicsenv" value="sun.awt.Win32GraphicsEnvironment"/>
    <property name="java.endorsed.dirs" value="C:\Program Files\Java\jdk1.8.0_101\jre\lib\endorsed"/>
    <property name="os.arch" value="amd64"/>
    <property name="java.io.tmpdir" value="C:\Users\ANANDR~1.COR\AppData\Local\Temp\"/>
    <property name="line.separator" value="
"/>
    <property name="java.vm.specification.vendor" value="Oracle Corporation"/>
    <property name="user.variant" value=""/>
    <property name="os.name" value="Windows 7"/>
    <property name="classworlds.conf" value="C:\Program Files\JetBrains\IntelliJ IDEA Community Edition 2017.2.2\plugins\maven\lib\maven3\bin\m2.conf"/>
    <property name="sun.jnu.encoding" value="Cp1252"/>
    <property name="java.library.path" value="C:\Program Files\Java\jdk1.8.0_101\bin;C:\windows\Sun\Java\bin;C:\windows\system32;C:\windows;c:\program files (x86)\common files\oracle\java\javapath;c:\programdata\oracle\java\javapath;c:\program files (x86)\collabnet subversion client;c:\program files\ra2hp\;C:\windows\system32;C:\windows;C:\windows\system32\wbem;C:\windows\system32\windowspowershell\v1.0\;C:\windows\system32\windowspowershell\v1.0\;c:\program files\tortoisesvn\bin;c:\program files (x86)\skype\phone\;c:\maven;c:\program files\java\jdk1.8.0_101\bin;c:\python24;C:\windows\system32\windowspowershell\v1.0\;c:\program files\java\jre1.8.0_101\bin;c:\program files\java\jdk1.8.0_101\jre\bin;c:\program files (x86)\turbo\cmd\;c:\program files (x86)\git\cmd;c:\mingw\bin;c:\program files (x86)\git;c:\program files (x86)\git\bin;c:\program files\tortoisegit\bin;c:\program files\putty\;c:\windows\system32;c:\windows\system32;c:\windows\system32;c:\windows\system32;c:\windows\system32;c:\windows\system32;C:\windows\system32\windowspowershell\v1.0\;c:\windows\system32;c:\windows\system32;c:\windows\system32;c:\windows\system32;c:\windows\system32;c:\windows\system32;c:\windows\system32;c:\windows\system32;c:\windows\system32;c:\windows\system32;c:\windows\system32;c:\windows\system32;c:\program files (x86)\common files\oracle\java\javapath;c:\programdata\oracle\java\javapath;c:\program files (x86)\collabnet subversion client;c:\program files\ra2hp\;C:\windows\system32;C:\windows;C:\windows\system32\wbem;C:\windows\system32\windowspowershell\v1.0\;c:\program files\tortoisesvn\bin;c:\program files (x86)\skype\phone\;c:\maven;c:\program files\java\jdk1.8.0_101\bin;c:\python24;c:\program files\java\jre1.8.0_101\bin;c:\program files\java\jdk1.8.0_101\jre\bin;c:\program files (x86)\turbo\cmd\;c:\program files (x86)\git\cmd;c:\mingw\bin;c:\program files (x86)\git;c:\program files (x86)\git\bin;c:\program files\tortoisegit\bin;c:\program files\putty\;c:\windows\system32;."/>
    <property name="java.specification.name" value="Java Platform API Specification"/>
    <property name="java.class.version" value="52.0"/>
    <property name="sun.management.compiler" value="HotSpot 64-Bit Tiered Compilers"/>
    <property name="os.version" value="6.1"/>
    <property name="user.home" value="C:\Users\anandric.CORPDOM"/>
    <property name="user.timezone" value="Asia/Calcutta"/>
    <property name="java.awt.printerjob" value="sun.awt.windows.WPrinterJob"/>
    <property name="java.specification.version" value="1.8"/>
    <property name="file.encoding" value="UTF-8"/>
    <property name="user.name" value="anandric"/>
    <property name="java.class.path" value="C:\Program Files\JetBrains\IntelliJ IDEA Community Edition 2017.2.2\plugins\maven\lib\maven3\boot\plexus-classworlds-2.5.2.jar;C:\Program Files\JetBrains\IntelliJ IDEA Community Edition 2017.2.2\lib\idea_rt.jar"/>
    <property name="java.vm.specification.version" value="1.8"/>
    <property name="sun.arch.data.model" value="64"/>
    <property name="java.home" value="C:\Program Files\Java\jdk1.8.0_101\jre"/>
    <property name="sun.java.command" value="org.codehaus.classworlds.Launcher -Didea.version=2017.2.2 install"/>
    <property name="java.specification.vendor" value="Oracle Corporation"/>
    <property name="user.language" value="en"/>
    <property name="awt.toolkit" value="sun.awt.windows.WToolkit"/>
    <property name="java.vm.info" value="mixed mode"/>
    <property name="java.version" value="1.8.0_101"/>
    <property name="java.ext.dirs" value="C:\Program Files\Java\jdk1.8.0_101\jre\lib\ext;C:\windows\Sun\Java\lib\ext"/>
    <property name="sun.boot.class.path" value="C:\Program Files\Java\jdk1.8.0_101\jre\lib\resources.jar;C:\Program Files\Java\jdk1.8.0_101\jre\lib\rt.jar;C:\Program Files\Java\jdk1.8.0_101\jre\lib\sunrsasign.jar;C:\Program Files\Java\jdk1.8.0_101\jre\lib\jsse.jar;C:\Program Files\Java\jdk1.8.0_101\jre\lib\jce.jar;C:\Program Files\Java\jdk1.8.0_101\jre\lib\charsets.jar;C:\Program Files\Java\jdk1.8.0_101\jre\lib\jfr.jar;C:\Program Files\Java\jdk1.8.0_101\jre\classes"/>
    <property name="java.vendor" value="Oracle Corporation"/>
    <property name="maven.home" value="C:\Program Files\JetBrains\IntelliJ IDEA Community Edition 2017.2.2\plugins\maven\lib\maven3"/>
    <property name="file.separator" value="\"/>
    <property name="java.vendor.url.bug" value="http://bugreport.sun.com/bugreport/"/>
    <property name="sun.cpu.endian" value="little"/>
    <property name="sun.io.unicode.encoding" value="UnicodeLittle"/>
    <property name="sun.desktop" value="windows"/>
    <property name="sun.cpu.isalist" value="amd64"/>
  </properties>
  <testcase classname="com.project.playlist.TestPlaylist" name="testInitialize" time="0.028"/>
  <testcase classname="com.project.playlist.TestPlaylist" name="testShuffle" time="0.01"/>
  <testcase classname="com.project.playlist.TestPlaylist" name="testGetPrevious" time="0.001"/>
  <testcase classname="com.project.playlist.TestPlaylist" name="testGetNext" time="0.005"/>
  <testcase classname="com.project.playlist.TestPlaylist" name="testMain" time="0.031"/>
</testsuite>